2025-10-15 00:05:29,066 - INFO - Server started - Auto-expire scheduler active
2025-10-15 00:06:15,758 - INFO - Teacher login attempt - Batchcode: MCA101
2025-10-15 00:06:15,760 - INFO - Teacher login successful - Course: Introduction To Programming
2025-10-15 00:06:26,639 - INFO - Creating session - Duration: 30min, Grace: 5min, Start: 2025-10-15 00:06:26, Scheduled end: 2025-10-15 00:41:26
2025-10-15 00:06:26,643 - INFO - Session started - ID: 72, Course: 1, Duration: 30min (+5min grace)
2025-10-15 00:09:30,833 - INFO - Session extended - ID: 72, Course: 1, Extension: +10min, Old end: 2025-10-15 00:41:26, New end: 2025-10-15 00:51:26
2025-10-15 00:09:57,012 - INFO - Session manually ended - ID: 72
2025-10-15 00:48:00,275 - INFO - Server started - Auto-expire scheduler active
2025-10-15 00:48:35,519 - INFO - Teacher login attempt - Batchcode: MCA101
2025-10-15 00:48:35,522 - INFO - Teacher login successful - Course: Introduction To Programming
2025-10-15 00:49:07,777 - INFO - Creating session - Duration: 30min, Grace: 5min, Start: 2025-10-15 00:49:07, Scheduled end: 2025-10-15 01:24:07
2025-10-15 00:49:07,782 - INFO - Session started - ID: 73, Course: 1, Duration: 30min (+5min grace)
2025-10-15 00:49:35,919 - INFO - Session extended - ID: 73, Course: 1, Extension: +10min, Old end: 2025-10-15 01:24:07, New end: 2025-10-15 01:34:07
2025-10-15 00:49:56,228 - INFO - Manual override attempt - Session: 73, Student: MCAX24R065, Reason: 'Damaged'
2025-10-15 00:49:56,235 - INFO - Manual override SUCCESS - Student: Sourabh Kumar Gupta (MCAX24R065), Session: 73, Course: 1, Reason: 'Damaged'
2025-10-15 00:50:23,039 - INFO - Session manually ended - ID: 73
2025-10-15 00:59:52,816 - INFO - Teacher login attempt - Batchcode: MCA101
2025-10-15 00:59:52,821 - INFO - Teacher login successful - Course: Introduction To Programming
2025-10-15 00:59:55,798 - INFO - Creating session - Duration: 30min, Grace: 5min, Start: 2025-10-15 00:59:55, Scheduled end: 2025-10-15 01:34:55
2025-10-15 00:59:55,802 - INFO - Session started - ID: 74, Course: 1, Duration: 30min (+5min grace)
2025-10-15 00:59:59,826 - INFO - Session manually ended - ID: 74
2025-10-15 01:02:39,366 - INFO - Teacher login attempt - Batchcode: MCA101
2025-10-15 01:02:39,367 - INFO - Teacher login successful - Course: Introduction To Programming
2025-10-15 01:02:45,457 - INFO - Creating session - Duration: 30min, Grace: 5min, Start: 2025-10-15 01:02:45, Scheduled end: 2025-10-15 01:37:45
2025-10-15 01:02:45,462 - INFO - Session started - ID: 75, Course: 1, Duration: 30min (+5min grace)
2025-10-15 01:02:50,604 - INFO - Session extended - ID: 75, Course: 1, Extension: +10min, Old end: 2025-10-15 01:37:45, New end: 2025-10-15 01:47:45
2025-10-15 01:02:58,758 - INFO - Manual override attempt - Session: 75, Student: MCAX24R065, Reason: 'ajjd'
2025-10-15 01:02:58,765 - INFO - Manual override SUCCESS - Student: Sourabh Kumar Gupta (MCAX24R065), Session: 75, Course: 1, Reason: 'ajjd'
2025-10-15 01:03:06,086 - INFO - Manual override attempt - Session: 75, Student: MCAX24R069, Reason: 'anbjs'
2025-10-15 01:03:06,092 - INFO - Manual override SUCCESS - Student: Vishal Kumar (MCAX24R069), Session: 75, Course: 1, Reason: 'anbjs'
2025-10-15 01:03:11,222 - INFO - Session manually ended - ID: 75
2025-10-16 09:25:57,414 - INFO - Server started - Auto-expire scheduler active
2025-10-30 09:35:36,025 - INFO - Server started - Auto-expire scheduler active
2025-10-30 09:35:58,561 - INFO - Teacher login attempt - Batchcode: MCA102
2025-10-30 09:35:58,562 - INFO - Teacher login successful - Course: Data Structures And Algorithms
2025-10-30 09:36:12,462 - INFO - Creating session - Duration: 30min, Grace: 5min, Start: 2025-10-30 09:36:12, Scheduled end: 2025-10-30 10:11:12
2025-10-30 09:36:12,466 - INFO - Session started - ID: 76, Course: 2, Duration: 30min (+5min grace)
2025-10-30 09:37:04,929 - INFO - Teacher login attempt - Batchcode: MCA101
2025-10-30 09:37:04,933 - INFO - Teacher login successful - Course: Introduction To Programming
2025-10-30 09:37:19,898 - INFO - Creating session - Duration: 30min, Grace: 5min, Start: 2025-10-30 09:37:19, Scheduled end: 2025-10-30 10:12:19
2025-10-30 09:37:19,905 - INFO - Session started - ID: 77, Course: 1, Duration: 30min (+5min grace)
2025-10-30 09:40:14,592 - INFO - Manual override attempt - Session: 77, Student: MCAX24R065, Reason: 'gadjsag'
2025-10-30 09:40:14,603 - INFO - Manual override SUCCESS - Student: Sourabh Kumar Gupta (MCAX24R065), Session: 77, Course: 1, Reason: 'gadjsag'
2025-10-30 09:41:15,627 - INFO - Session manually ended - ID: 77
2025-10-30 11:56:19,531 - INFO - Server started - Auto-expire scheduler active
2025-10-30 11:56:27,805 - INFO - Teacher login attempt - Batchcode: MCA101
2025-10-30 11:56:27,806 - WARNING - Login failed - Invalid PIN for batchcode: MCA101
2025-10-30 11:56:34,099 - INFO - Teacher login attempt - Batchcode: MCA101
2025-10-30 11:56:34,101 - INFO - Teacher login successful - Course: Introduction To Programming
2025-10-30 11:56:37,112 - INFO - Creating session - Duration: 30min, Grace: 5min, Start: 2025-10-30 11:56:37, Scheduled end: 2025-10-30 12:31:37
2025-10-30 11:56:37,117 - INFO - Session started - ID: 78, Course: 1, Duration: 30min (+5min grace)
2025-10-30 11:56:41,763 - INFO - Session manually ended - ID: 78
2025-10-30 11:57:21,063 - INFO - Teacher login attempt - Batchcode: MCA102
2025-10-30 11:57:21,064 - INFO - Teacher login successful - Course: Data Structures And Algorithms
2025-10-30 11:57:48,826 - INFO - Creating session - Duration: 30min, Grace: 5min, Start: 2025-10-30 11:57:48, Scheduled end: 2025-10-30 12:32:48
2025-10-30 11:57:48,830 - INFO - Session started - ID: 79, Course: 2, Duration: 30min (+5min grace)
2025-10-30 14:53:45,267 - INFO - Server started - Auto-expire scheduler active
2025-10-30 14:54:03,831 - INFO - Teacher login attempt - Batchcode: MCA101
2025-10-30 14:54:03,832 - INFO - Teacher login successful - Course: Introduction To Programming
2025-10-30 14:54:10,125 - INFO - Creating session - Duration: 30min, Grace: 5min, Start: 2025-10-30 14:54:10, Scheduled end: 2025-10-30 15:29:10
2025-10-30 14:54:10,128 - INFO - Session started - ID: 80, Course: 1, Duration: 30min (+5min grace)
2025-10-30 14:54:25,942 - INFO - Attendance attempt - Roll ID: 2
2025-10-30 14:54:25,956 - INFO - Attendance marked - Roll ID 2, Session: 80, Student: 2
2025-10-30 14:54:34,902 - INFO - Attendance attempt - Roll ID: 1
2025-10-30 14:54:34,909 - INFO - Attendance marked - Roll ID 1, Session: 80, Student: 1
2025-10-30 14:54:44,507 - INFO - Session manually ended - ID: 80
2025-10-30 14:54:56,078 - INFO - Teacher login attempt - Batchcode: MCA102
2025-10-30 14:54:56,079 - INFO - Teacher login successful - Course: Data Structures And Algorithms
2025-10-30 14:55:07,692 - INFO - Creating session - Duration: 30min, Grace: 5min, Start: 2025-10-30 14:55:07, Scheduled end: 2025-10-30 15:30:07
2025-10-30 14:55:07,696 - INFO - Session started - ID: 81, Course: 2, Duration: 30min (+5min grace)
2025-10-30 14:55:18,104 - INFO - Attendance attempt - Roll ID: 2
2025-10-30 14:55:18,111 - INFO - Attendance marked - Roll ID 2, Session: 81, Student: 2
2025-10-30 14:55:25,894 - INFO - Attendance attempt - Roll ID: 2
2025-10-30 14:55:25,896 - INFO - Attendance duplicate - Roll ID 2 already marked in session 81
2025-10-30 14:55:41,511 - INFO - Attendance attempt - Roll ID: 1
2025-10-30 14:55:41,518 - INFO - Attendance marked - Roll ID 1, Session: 81, Student: 1
2025-10-30 14:55:52,926 - INFO - Attendance attempt - Roll ID: 1
2025-10-30 14:55:52,928 - INFO - Attendance duplicate - Roll ID 1 already marked in session 81
2025-10-30 14:56:08,237 - INFO - Attendance attempt - Roll ID: 4
2025-10-30 14:56:08,238 - WARNING - Attendance failed - Roll ID 4 not enrolled in course 2
2025-10-30 14:56:20,066 - INFO - Attendance attempt - Roll ID: 3
2025-10-30 14:56:20,073 - INFO - Attendance marked - Roll ID 3, Session: 81, Student: 3
2025-10-30 14:56:57,669 - INFO - Session manually ended - ID: 81
2025-10-30 14:58:32,167 - INFO - Teacher login attempt - Batchcode: MCA101
2025-10-30 14:58:32,168 - INFO - Teacher login successful - Course: Introduction To Programming
2025-10-30 14:58:34,904 - INFO - Creating session - Duration: 30min, Grace: 5min, Start: 2025-10-30 14:58:34, Scheduled end: 2025-10-30 15:33:34
2025-10-30 14:58:34,910 - INFO - Session started - ID: 82, Course: 1, Duration: 30min (+5min grace)
2025-10-30 14:59:31,970 - INFO - Attendance attempt - Roll ID: 2
2025-10-30 14:59:31,977 - INFO - Attendance marked - Roll ID 2, Session: 82, Student: 2
2025-10-30 14:59:33,656 - INFO - Attendance attempt - Roll ID: 1
2025-10-30 14:59:33,664 - INFO - Attendance marked - Roll ID 1, Session: 82, Student: 1
2025-10-30 14:59:35,303 - INFO - Attendance attempt - Roll ID: 3
2025-10-30 14:59:35,304 - WARNING - Attendance failed - Roll ID 3 not enrolled in course 1
2025-10-30 14:59:52,343 - INFO - Session manually ended - ID: 82
2025-10-30 15:00:07,769 - INFO - Teacher login attempt - Batchcode: MCA101
2025-10-30 15:00:07,771 - INFO - Teacher login successful - Course: Introduction To Programming
2025-10-30 15:00:16,027 - INFO - Creating session - Duration: 30min, Grace: 5min, Start: 2025-10-30 15:00:16, Scheduled end: 2025-10-30 15:35:16
2025-10-30 15:00:16,033 - INFO - Session started - ID: 83, Course: 1, Duration: 30min (+5min grace)
2025-10-30 15:00:56,413 - INFO - Attendance attempt - Roll ID: 3
2025-10-30 15:00:56,415 - WARNING - Attendance failed - Roll ID 3 not enrolled in course 1
2025-10-30 15:01:09,656 - INFO - Attendance attempt - Roll ID: 3
2025-10-30 15:01:09,658 - WARNING - Attendance failed - Roll ID 3 not enrolled in course 1
2025-10-30 15:01:37,584 - INFO - Attendance attempt - Roll ID: 2
2025-10-30 15:01:37,590 - INFO - Attendance marked - Roll ID 2, Session: 83, Student: 2
2025-10-30 15:01:45,957 - INFO - Attendance attempt - Roll ID: 1
2025-10-30 15:01:45,966 - INFO - Attendance marked - Roll ID 1, Session: 83, Student: 1
2025-10-30 15:01:52,537 - INFO - Session manually ended - ID: 83
2025-10-30 15:02:36,305 - INFO - Teacher login attempt - Batchcode: MCA101
2025-10-30 15:02:36,306 - INFO - Teacher login successful - Course: Introduction To Programming
2025-10-30 15:02:38,992 - INFO - Creating session - Duration: 30min, Grace: 5min, Start: 2025-10-30 15:02:38, Scheduled end: 2025-10-30 15:37:38
2025-10-30 15:02:38,998 - INFO - Session started - ID: 84, Course: 1, Duration: 30min (+5min grace)
2025-10-30 15:03:12,753 - INFO - Attendance attempt - Roll ID: 3
2025-10-30 15:03:12,756 - WARNING - Attendance failed - Roll ID 3 not enrolled in course 1
2025-10-30 15:04:41,837 - INFO - Attendance attempt - Roll ID: 2
2025-10-30 15:04:41,844 - INFO - Attendance marked - Roll ID 2, Session: 84, Student: 2
2025-10-30 15:04:49,971 - INFO - Attendance attempt - Roll ID: 4
2025-10-30 15:04:49,973 - WARNING - Attendance failed - Roll ID 4 not enrolled in course 1
2025-10-30 15:04:59,803 - INFO - Attendance attempt - Roll ID: 3
2025-10-30 15:04:59,805 - WARNING - Attendance failed - Roll ID 3 not enrolled in course 1
2025-10-30 15:05:09,690 - INFO - Attendance attempt - Roll ID: 1
2025-10-30 15:05:09,697 - INFO - Attendance marked - Roll ID 1, Session: 84, Student: 1
2025-10-30 15:05:27,789 - INFO - Session manually ended - ID: 84
2025-10-30 16:42:34,515 - INFO - Server started - Auto-expire scheduler active
2025-10-30 16:42:42,216 - INFO - Teacher login attempt - Batchcode: MCA101
2025-10-30 16:42:42,220 - INFO - Teacher login successful - Course: Introduction To Programming
2025-10-30 16:42:44,543 - INFO - Creating session - Duration: 30min, Grace: 5min, Start: 2025-10-30 16:42:44, Scheduled end: 2025-10-30 17:17:44
2025-10-30 16:42:44,554 - INFO - Session started - ID: 85, Course: 1, Duration: 30min (+5min grace)
2025-10-30 16:44:01,567 - INFO - Attendance attempt - Roll ID: 2
2025-10-30 16:44:01,594 - INFO - Attendance marked - Roll ID 2, Session: 85, Student: 2
2025-10-30 16:46:12,853 - INFO - Session manually ended - ID: 85
2025-10-31 10:18:58,722 - INFO - Server started - Auto-expire scheduler active
2025-10-31 10:19:19,721 - INFO - Teacher login attempt - Batchcode: MCA101
2025-10-31 10:19:19,724 - INFO - Teacher login successful - Course: Introduction To Programming
2025-10-31 10:20:33,818 - INFO - Creating session - Duration: 30min, Grace: 5min, Start: 2025-10-31 10:20:33, Scheduled end: 2025-10-31 10:55:33
2025-10-31 10:20:33,823 - INFO - Session started - ID: 86, Course: 1, Duration: 30min (+5min grace)
2025-10-31 10:20:43,308 - INFO - Attendance attempt - Roll ID: 1
2025-10-31 10:20:43,316 - INFO - Attendance marked - Roll ID 1, Session: 86, Student: 1
2025-10-31 10:20:48,333 - INFO - Attendance attempt - Roll ID: 2
2025-10-31 10:20:48,351 - INFO - Attendance marked - Roll ID 2, Session: 86, Student: 2
2025-10-31 10:20:54,017 - INFO - Session manually ended - ID: 86
2025-10-31 10:21:11,114 - INFO - Teacher login attempt - Batchcode: MCA101
2025-10-31 10:21:11,115 - INFO - Teacher login successful - Course: Introduction To Programming
2025-10-31 10:21:19,863 - INFO - Creating session - Duration: 30min, Grace: 5min, Start: 2025-10-31 10:21:19, Scheduled end: 2025-10-31 10:56:19
2025-10-31 10:21:19,867 - INFO - Session started - ID: 87, Course: 1, Duration: 30min (+5min grace)
2025-10-31 10:21:29,392 - INFO - Attendance attempt - Roll ID: 1
2025-10-31 10:21:29,399 - INFO - Attendance marked - Roll ID 1, Session: 87, Student: 1
2025-10-31 10:21:33,386 - INFO - Attendance attempt - Roll ID: 1
2025-10-31 10:21:33,388 - INFO - Attendance duplicate - Roll ID 1 already marked in session 87
2025-10-31 10:21:52,863 - INFO - Attendance attempt - Roll ID: 1
2025-10-31 10:21:52,864 - INFO - Attendance duplicate - Roll ID 1 already marked in session 87
2025-10-31 10:22:11,186 - INFO - Attendance attempt - Roll ID: 3
2025-10-31 10:22:11,187 - WARNING - Attendance failed - Roll ID 3 not enrolled in course 1
2025-10-31 10:22:33,610 - INFO - Attendance attempt - Roll ID: 2
2025-10-31 10:22:33,615 - INFO - Attendance marked - Roll ID 2, Session: 87, Student: 2
2025-10-31 10:22:40,326 - INFO - Session manually ended - ID: 87
2025-10-31 10:23:46,134 - INFO - Semester created - Name: Sma7tdyq26e6
2025-10-31 10:36:41,419 - INFO - Teacher login attempt - Batchcode: MCA101
2025-10-31 10:36:41,423 - INFO - Teacher login successful - Course: Introduction To Programming
2025-10-31 10:36:51,720 - INFO - Creating session - Duration: 30min, Grace: 5min, Start: 2025-10-31 10:36:51, Scheduled end: 2025-10-31 11:11:51
2025-10-31 10:36:51,725 - INFO - Session started - ID: 88, Course: 1, Duration: 30min (+5min grace)
2025-10-31 11:09:47,171 - INFO - Student created - Roll: MCAX24R073
2025-10-31 11:13:16,216 - INFO - Teacher login attempt - Batchcode: MCA101
2025-10-31 11:13:16,218 - INFO - Teacher login successful - Course: Introduction To Programming
2025-10-31 11:13:19,741 - INFO - Creating session - Duration: 30min, Grace: 5min, Start: 2025-10-31 11:13:19, Scheduled end: 2025-10-31 11:48:19
2025-10-31 11:13:19,744 - INFO - Session started - ID: 89, Course: 1, Duration: 30min (+5min grace)
2025-10-31 11:13:26,485 - INFO - Session manually ended - ID: 89
2025-10-31 11:15:27,372 - INFO - Teacher login attempt - Batchcode: MCA101
2025-10-31 11:15:27,373 - INFO - Teacher login successful - Course: Introduction To Programming
2025-10-31 11:15:45,661 - INFO - Creating session - Duration: 30min, Grace: 5min, Start: 2025-10-31 11:15:45, Scheduled end: 2025-10-31 11:50:45
2025-10-31 11:15:45,667 - INFO - Session started - ID: 90, Course: 1, Duration: 30min (+5min grace)
2025-10-31 11:16:03,504 - INFO - Session manually ended - ID: 90
2025-10-31 11:16:12,806 - INFO - Teacher login attempt - Batchcode: MCA102
2025-10-31 11:16:12,807 - INFO - Teacher login successful - Course: Data Structures And Algorithms
2025-10-31 11:16:15,394 - INFO - Creating session - Duration: 30min, Grace: 5min, Start: 2025-10-31 11:16:15, Scheduled end: 2025-10-31 11:51:15
2025-10-31 11:16:15,399 - INFO - Session started - ID: 91, Course: 2, Duration: 30min (+5min grace)
2025-10-31 11:16:26,144 - INFO - Attendance attempt - Roll ID: 13
2025-10-31 11:16:26,153 - INFO - Attendance marked - Roll ID 13, Session: 91, Student: 4
2025-10-31 11:16:38,848 - INFO - Attendance attempt - Roll ID: 13
2025-10-31 11:16:38,849 - INFO - Attendance duplicate - Roll ID 13 already marked in session 91
2025-10-31 11:16:49,000 - INFO - Attendance attempt - Roll ID: 1
2025-10-31 11:16:49,008 - INFO - Attendance marked - Roll ID 1, Session: 91, Student: 1
2025-10-31 11:16:59,795 - INFO - Attendance attempt - Roll ID: 2
2025-10-31 11:16:59,800 - INFO - Attendance marked - Roll ID 2, Session: 91, Student: 2
2025-10-31 11:17:03,832 - INFO - Attendance attempt - Roll ID: 3
2025-10-31 11:17:03,839 - INFO - Attendance marked - Roll ID 3, Session: 91, Student: 3
2025-10-31 11:17:10,158 - INFO - Session manually ended - ID: 91
2025-10-31 11:17:28,712 - INFO - Teacher login attempt - Batchcode: MCA102
2025-10-31 11:17:28,713 - INFO - Teacher login successful - Course: Data Structures And Algorithms
2025-10-31 11:17:36,964 - INFO - Creating session - Duration: 30min, Grace: 5min, Start: 2025-10-31 11:17:36, Scheduled end: 2025-10-31 11:52:36
2025-10-31 11:17:36,968 - INFO - Session started - ID: 92, Course: 2, Duration: 30min (+5min grace)
2025-10-31 11:17:41,982 - INFO - Attendance attempt - Roll ID: 13
2025-10-31 11:17:41,989 - INFO - Attendance marked - Roll ID 13, Session: 92, Student: 4
2025-10-31 11:18:23,276 - INFO - Manual override attempt - Session: 92, Student: MCAX24R052, Reason: 'Injury'
2025-10-31 11:18:23,281 - INFO - Manual override SUCCESS - Student: Rahul Kumar (MCAX24R052), Session: 92, Course: 2, Reason: 'Injury'
2025-10-31 11:18:45,116 - INFO - Attendance attempt - Roll ID: 2
2025-10-31 11:18:45,123 - INFO - Attendance marked - Roll ID 2, Session: 92, Student: 2
2025-10-31 11:18:49,359 - INFO - Attendance attempt - Roll ID: 1
2025-10-31 11:18:49,366 - INFO - Attendance marked - Roll ID 1, Session: 92, Student: 1
2025-10-31 11:19:25,180 - INFO - Session extended - ID: 92, Course: 2, Extension: +10min, Old end: 2025-10-31 11:52:36, New end: 2025-10-31 12:02:36
2025-10-31 11:19:29,636 - INFO - Session manually ended - ID: 92
2025-10-31 11:19:52,008 - INFO - Teacher login attempt - Batchcode: MCA101
2025-10-31 11:19:52,009 - INFO - Teacher login successful - Course: Introduction To Programming
2025-10-31 11:19:55,312 - INFO - Creating session - Duration: 30min, Grace: 5min, Start: 2025-10-31 11:19:55, Scheduled end: 2025-10-31 11:54:55
2025-10-31 11:19:55,319 - INFO - Session started - ID: 93, Course: 1, Duration: 30min (+5min grace)
2025-10-31 11:20:04,010 - INFO - Attendance attempt - Roll ID: 2
2025-10-31 11:20:04,017 - INFO - Attendance marked - Roll ID 2, Session: 93, Student: 2
2025-10-31 11:20:08,772 - INFO - Session manually ended - ID: 93
2025-10-31 11:26:42,555 - INFO - Student created - Roll: MCAX24R019
2025-10-31 11:31:08,664 - INFO - Teacher login attempt - Batchcode: MCA102
2025-10-31 11:31:08,665 - INFO - Teacher login successful - Course: Data Structures And Algorithms
2025-10-31 11:31:12,166 - INFO - Creating session - Duration: 30min, Grace: 5min, Start: 2025-10-31 11:31:12, Scheduled end: 2025-10-31 12:06:12
2025-10-31 11:31:12,172 - INFO - Session started - ID: 94, Course: 2, Duration: 30min (+5min grace)
2025-10-31 11:31:26,680 - INFO - Attendance attempt - Roll ID: 19
2025-10-31 11:31:26,688 - INFO - Attendance marked - Roll ID 19, Session: 94, Student: 5
2025-10-31 11:31:36,388 - INFO - Attendance attempt - Roll ID: 13
2025-10-31 11:31:36,395 - INFO - Attendance marked - Roll ID 13, Session: 94, Student: 4
2025-10-31 11:31:49,339 - INFO - Attendance attempt - Roll ID: 13
2025-10-31 11:31:49,341 - INFO - Attendance duplicate - Roll ID 13 already marked in session 94
2025-10-31 11:34:08,535 - INFO - Attendance attempt - Roll ID: 2
2025-10-31 11:34:08,542 - INFO - Attendance marked - Roll ID 2, Session: 94, Student: 2
2025-10-31 11:34:10,206 - INFO - Attendance attempt - Roll ID: 1
2025-10-31 11:34:10,214 - INFO - Attendance marked - Roll ID 1, Session: 94, Student: 1
2025-10-31 11:34:44,411 - INFO - Attendance attempt - Roll ID: 3
2025-10-31 11:34:44,416 - INFO - Attendance marked - Roll ID 3, Session: 94, Student: 3
2025-10-31 11:34:49,828 - INFO - Session manually ended - ID: 94
2025-10-31 11:35:16,624 - INFO - Teacher login attempt - Batchcode: MCA101
2025-10-31 11:35:16,625 - INFO - Teacher login successful - Course: Introduction To Programming
2025-10-31 11:35:19,343 - INFO - Creating session - Duration: 30min, Grace: 5min, Start: 2025-10-31 11:35:19, Scheduled end: 2025-10-31 12:10:19
2025-10-31 11:35:19,348 - INFO - Session started - ID: 95, Course: 1, Duration: 30min (+5min grace)
2025-10-31 11:35:23,866 - INFO - Attendance attempt - Roll ID: 13
2025-10-31 11:35:23,868 - WARNING - Attendance failed - Roll ID 13 not enrolled in course 1
2025-10-31 11:37:06,682 - INFO - Session manually ended - ID: 95
2025-10-31 12:15:21,244 - INFO - Server started - Auto-expire scheduler active
2025-10-31 12:17:19,785 - INFO - Teacher login attempt - Batchcode: MCA101
2025-10-31 12:17:19,788 - INFO - Teacher login successful - Course: Introduction To Programming
2025-10-31 12:17:33,559 - INFO - Creating session - Duration: 30min, Grace: 5min, Start: 2025-10-31 12:17:33, Scheduled end: 2025-10-31 12:52:33
2025-10-31 12:17:33,564 - INFO - Session started - ID: 96, Course: 1, Duration: 30min (+5min grace)
2025-10-31 12:18:15,881 - INFO - Attendance attempt - Roll ID: 1
2025-10-31 12:18:15,890 - INFO - Attendance marked - Roll ID 1, Session: 96, Student: 1
2025-10-31 12:18:27,441 - INFO - Attendance attempt - Roll ID: 3
2025-10-31 12:18:27,442 - WARNING - Attendance failed - Roll ID 3 not enrolled in course 1
2025-10-31 12:18:32,971 - INFO - Attendance attempt - Roll ID: 3
2025-10-31 12:18:32,972 - WARNING - Attendance failed - Roll ID 3 not enrolled in course 1
2025-10-31 12:18:45,735 - INFO - Attendance attempt - Roll ID: 1
2025-10-31 12:18:45,736 - INFO - Attendance duplicate - Roll ID 1 already marked in session 96
2025-10-31 12:18:56,062 - INFO - Attendance attempt - Roll ID: 1
2025-10-31 12:18:56,064 - INFO - Attendance duplicate - Roll ID 1 already marked in session 96
2025-10-31 12:19:04,108 - INFO - Attendance attempt - Roll ID: 1
2025-10-31 12:19:04,110 - INFO - Attendance duplicate - Roll ID 1 already marked in session 96
2025-10-31 12:19:24,535 - INFO - Attendance attempt - Roll ID: 2
2025-10-31 12:19:24,540 - INFO - Attendance marked - Roll ID 2, Session: 96, Student: 2
2025-10-31 12:19:32,620 - INFO - Session manually ended - ID: 96
2025-10-31 12:25:16,956 - INFO - Teacher login attempt - Batchcode: MCA101
2025-10-31 12:25:16,958 - INFO - Teacher login successful - Course: Introduction To Programming
2025-10-31 12:25:19,408 - INFO - Creating session - Duration: 30min, Grace: 5min, Start: 2025-10-31 12:25:19, Scheduled end: 2025-10-31 13:00:19
2025-10-31 12:25:19,414 - INFO - Session started - ID: 97, Course: 1, Duration: 30min (+5min grace)
2025-10-31 12:26:15,473 - INFO - Attendance attempt - Roll ID: 1
2025-10-31 12:26:15,482 - INFO - Attendance marked - Roll ID 1, Session: 97, Student: 1
2025-10-31 12:26:17,321 - INFO - Attendance attempt - Roll ID: 2
2025-10-31 12:26:17,329 - INFO - Attendance marked - Roll ID 2, Session: 97, Student: 2
2025-10-31 12:26:30,234 - INFO - Session manually ended - ID: 97
2025-10-31 12:26:44,934 - INFO - Teacher login attempt - Batchcode: MCA102
2025-10-31 12:26:44,936 - INFO - Teacher login successful - Course: Data Structures And Algorithms
2025-10-31 12:26:52,656 - INFO - Creating session - Duration: 30min, Grace: 5min, Start: 2025-10-31 12:26:52, Scheduled end: 2025-10-31 13:01:52
2025-10-31 12:26:52,661 - INFO - Session started - ID: 98, Course: 2, Duration: 30min (+5min grace)
2025-10-31 12:27:52,667 - INFO - Manual override attempt - Session: 98, Student: MCAX24R065, Reason: 'injury'
2025-10-31 12:27:52,678 - INFO - Manual override SUCCESS - Student: Sourabh Kumar Gupta (MCAX24R065), Session: 98, Course: 2, Reason: 'injury'
2025-10-31 14:12:03,733 - INFO - Server started - Auto-expire scheduler active
2025-10-31 14:12:29,930 - INFO - Teacher login attempt - Batchcode: MCA101
2025-10-31 14:12:29,931 - INFO - Teacher login successful - Course: Introduction To Programming
2025-10-31 14:12:44,529 - INFO - Creating session - Duration: 30min, Grace: 5min, Start: 2025-10-31 14:12:44, Scheduled end: 2025-10-31 14:47:44
2025-10-31 14:12:44,533 - INFO - Session started - ID: 99, Course: 1, Duration: 30min (+5min grace)
2025-10-31 14:13:33,453 - INFO - Attendance attempt - Roll ID: 1
2025-10-31 14:13:33,461 - INFO - Attendance marked - Roll ID 1, Session: 99, Student: 1
2025-10-31 14:13:46,458 - INFO - Attendance attempt - Roll ID: 1
2025-10-31 14:13:46,459 - INFO - Attendance duplicate - Roll ID 1 already marked in session 99
2025-10-31 14:14:16,990 - INFO - Attendance attempt - Roll ID: 3
2025-10-31 14:14:16,992 - WARNING - Attendance failed - Roll ID 3 not enrolled in course 1
2025-10-31 14:14:58,554 - INFO - Attendance attempt - Roll ID: 2
2025-10-31 14:14:58,560 - INFO - Attendance marked - Roll ID 2, Session: 99, Student: 2
2025-10-31 14:17:31,044 - INFO - Session manually ended - ID: 99
2025-10-31 14:17:48,619 - INFO - Teacher login attempt - Batchcode: MCA102
2025-10-31 14:17:48,621 - INFO - Teacher login successful - Course: Data Structures And Algorithms
2025-10-31 14:18:08,763 - INFO - Creating session - Duration: 30min, Grace: 5min, Start: 2025-10-31 14:18:08, Scheduled end: 2025-10-31 14:53:08
2025-10-31 14:18:08,769 - INFO - Session started - ID: 100, Course: 2, Duration: 30min (+5min grace)
2025-10-31 14:18:16,468 - INFO - Attendance attempt - Roll ID: 2
2025-10-31 14:18:16,475 - INFO - Attendance marked - Roll ID 2, Session: 100, Student: 2
2025-10-31 14:18:20,562 - INFO - Attendance attempt - Roll ID: 1
2025-10-31 14:18:20,569 - INFO - Attendance marked - Roll ID 1, Session: 100, Student: 1
2025-10-31 14:18:37,418 - INFO - Manual override attempt - Session: 100, Student: MCAX24R052, Reason: 'Injuryu'
2025-10-31 14:18:37,425 - INFO - Manual override SUCCESS - Student: Rahul Kumar (MCAX24R052), Session: 100, Course: 2, Reason: 'Injuryu'
2025-10-31 14:21:51,645 - INFO - Session manually ended - ID: 100
2025-11-10 10:21:50,354 - INFO - Server started - Auto-expire scheduler active
2025-11-10 10:22:13,409 - INFO - Teacher login attempt - Batchcode: MCA101
2025-11-10 10:22:13,412 - INFO - Teacher login successful - Course: Introduction To Programming
2025-11-10 10:58:52,856 - INFO - Teacher login attempt - Batchcode: MCA101
2025-11-10 10:58:52,872 - INFO - Teacher login successful - Course: Introduction To Programming
2025-11-10 10:59:10,750 - INFO - Creating session - Duration: 30min, Grace: 5min, Start: 2025-11-10 10:59:10, Scheduled end: 2025-11-10 11:34:10
2025-11-10 10:59:10,765 - INFO - Session started - ID: 101, Course: 1, Duration: 30min (+5min grace)
2025-11-10 11:01:51,847 - INFO - Attendance attempt - Roll ID: 2
2025-11-10 11:01:51,859 - INFO - Attendance marked - Roll ID 2, Session: 101, Student: 2
2025-11-10 11:02:01,986 - INFO - Attendance attempt - Roll ID: 1
2025-11-10 11:02:01,999 - INFO - Attendance marked - Roll ID 1, Session: 101, Student: 1
2025-11-10 11:04:54,444 - INFO - Session manually ended - ID: 101
2025-11-10 11:24:17,209 - INFO - Teacher login attempt - Batchcode: MCA102
2025-11-10 11:24:17,213 - INFO - Teacher login successful - Course: Data Structures And Algorithms
2025-11-10 11:24:28,022 - INFO - Creating session - Duration: 30min, Grace: 5min, Start: 2025-11-10 11:24:28, Scheduled end: 2025-11-10 11:59:28
2025-11-10 11:24:28,030 - INFO - Session started - ID: 102, Course: 2, Duration: 30min (+5min grace)
2025-11-10 11:25:29,142 - INFO - Attendance attempt - Roll ID: 1
2025-11-10 11:25:29,153 - INFO - Attendance marked - Roll ID 1, Session: 102, Student: 1
2025-11-10 11:25:54,341 - INFO - Attendance attempt - Roll ID: 2
2025-11-10 11:25:54,353 - INFO - Attendance marked - Roll ID 2, Session: 102, Student: 2
2025-11-10 11:27:03,217 - INFO - Attendance attempt - Roll ID: 2
2025-11-10 11:27:03,220 - INFO - Attendance duplicate - Roll ID 2 already marked in session 102
2025-11-10 11:34:24,784 - INFO - Manual override attempt - Session: 102, Student: MCAX24R052, Reason: 'jhjhk'
2025-11-10 11:34:24,796 - INFO - Manual override SUCCESS - Student: Rahul Kumar (MCAX24R052), Session: 102, Course: 2, Reason: 'jhjhk'
2025-11-10 11:34:29,854 - INFO - Session manually ended - ID: 102
2025-11-10 11:58:31,940 - INFO - Teacher login attempt - Batchcode: MCA101
2025-11-10 11:58:31,944 - INFO - Teacher login successful - Course: Introduction To Programming
2025-11-10 11:58:41,671 - INFO - Creating session - Duration: 30min, Grace: 5min, Start: 2025-11-10 11:58:41, Scheduled end: 2025-11-10 12:33:41
2025-11-10 11:58:41,685 - INFO - Session started - ID: 103, Course: 1, Duration: 30min (+5min grace)
2025-11-10 12:04:12,245 - INFO - Attendance attempt - Roll ID: 2
2025-11-10 12:04:12,258 - INFO - Attendance marked - Roll ID 2, Session: 103, Student: 2
2025-11-10 12:13:59,478 - INFO - Session manually ended - ID: 103
2025-11-10 12:22:03,414 - INFO - Teacher login attempt - Batchcode: MCA101
2025-11-10 12:22:03,415 - INFO - Teacher login successful - Course: Introduction To Programming
2025-11-10 12:22:12,499 - INFO - Creating session - Duration: 30min, Grace: 5min, Start: 2025-11-10 12:22:12, Scheduled end: 2025-11-10 12:57:12
2025-11-10 12:22:12,504 - INFO - Session started - ID: 104, Course: 1, Duration: 30min (+5min grace)
2025-11-10 12:22:28,018 - INFO - Attendance attempt - Roll ID: 1
2025-11-10 12:22:28,027 - INFO - Attendance marked - Roll ID 1, Session: 104, Student: 1
2025-11-10 12:22:57,208 - INFO - Attendance attempt - Roll ID: 1
2025-11-10 12:22:57,210 - INFO - Attendance duplicate - Roll ID 1 already marked in session 104
2025-11-10 12:23:04,003 - INFO - Attendance attempt - Roll ID: 1
2025-11-10 12:23:04,004 - INFO - Attendance duplicate - Roll ID 1 already marked in session 104
2025-11-10 12:23:10,322 - INFO - Attendance attempt - Roll ID: 1
2025-11-10 12:23:10,323 - INFO - Attendance duplicate - Roll ID 1 already marked in session 104
2025-11-10 12:23:18,533 - INFO - Attendance attempt - Roll ID: 3
2025-11-10 12:23:18,534 - WARNING - Attendance failed - Roll ID 3 not enrolled in course 1
2025-11-10 12:23:54,321 - INFO - Session manually ended - ID: 104
2025-11-10 12:26:18,662 - INFO - Teacher login attempt - Batchcode: MCA102
2025-11-10 12:26:18,663 - WARNING - Login failed - Invalid PIN for batchcode: MCA102
2025-11-10 12:26:26,835 - INFO - Teacher login attempt - Batchcode: MCA102
2025-11-10 12:26:26,836 - INFO - Teacher login successful - Course: Data Structures And Algorithms
2025-11-10 12:26:31,403 - INFO - Creating session - Duration: 30min, Grace: 5min, Start: 2025-11-10 12:26:31, Scheduled end: 2025-11-10 13:01:31
2025-11-10 12:26:31,408 - INFO - Session started - ID: 105, Course: 2, Duration: 30min (+5min grace)
2025-11-10 12:27:25,025 - INFO - Attendance attempt - Roll ID: 1
2025-11-10 12:27:25,031 - INFO - Attendance marked - Roll ID 1, Session: 105, Student: 1
2025-11-10 12:27:26,912 - INFO - Attendance attempt - Roll ID: 2
2025-11-10 12:27:26,919 - INFO - Attendance marked - Roll ID 2, Session: 105, Student: 2
2025-11-10 12:28:19,441 - INFO - Session manually ended - ID: 105
2025-11-10 14:19:36,426 - INFO - Teacher login attempt - Batchcode: MCA101
2025-11-10 14:19:36,433 - INFO - Teacher login successful - Course: Introduction To Programming
2025-11-10 14:21:30,054 - INFO - Creating session - Duration: 30min, Grace: 5min, Start: 2025-11-10 14:21:30, Scheduled end: 2025-11-10 14:56:30
2025-11-10 14:21:30,061 - INFO - Session started - ID: 106, Course: 1, Duration: 30min (+5min grace)
2025-11-10 14:24:57,151 - INFO - Attendance attempt - Roll ID: 1
2025-11-10 14:24:57,160 - INFO - Attendance marked - Roll ID 1, Session: 106, Student: 1
2025-11-10 14:25:15,927 - INFO - Attendance attempt - Roll ID: 1
2025-11-10 14:25:15,929 - INFO - Attendance duplicate - Roll ID 1 already marked in session 106
2025-11-10 14:25:23,332 - INFO - Attendance attempt - Roll ID: 3
2025-11-10 14:25:23,334 - WARNING - Attendance failed - Roll ID 3 not enrolled in course 1
2025-11-10 14:25:34,084 - INFO - Attendance attempt - Roll ID: 2
2025-11-10 14:25:34,089 - INFO - Attendance marked - Roll ID 2, Session: 106, Student: 2
2025-11-10 14:25:43,193 - INFO - Session manually ended - ID: 106
2025-11-10 14:26:33,919 - INFO - Teacher login attempt - Batchcode: MCA102
2025-11-10 14:26:33,922 - INFO - Teacher login successful - Course: Data Structures And Algorithms
2025-11-10 14:26:41,145 - INFO - Creating session - Duration: 30min, Grace: 5min, Start: 2025-11-10 14:26:41, Scheduled end: 2025-11-10 15:01:41
2025-11-10 14:26:41,150 - INFO - Session started - ID: 107, Course: 2, Duration: 30min (+5min grace)
2025-11-10 14:27:25,039 - INFO - Attendance attempt - Roll ID: 1
2025-11-10 14:27:25,046 - INFO - Attendance marked - Roll ID 1, Session: 107, Student: 1
2025-11-10 14:27:26,627 - INFO - Attendance attempt - Roll ID: 2
2025-11-10 14:27:26,634 - INFO - Attendance marked - Roll ID 2, Session: 107, Student: 2
2025-11-10 14:29:57,014 - INFO - Manual override attempt - Session: 107, Student: MCAX24R052, Reason: 'jhjh'
2025-11-10 14:29:57,020 - INFO - Manual override SUCCESS - Student: Rahul Kumar (MCAX24R052), Session: 107, Course: 2, Reason: 'jhjh'
2025-11-11 12:49:59,266 - INFO - Teacher login attempt - Batchcode: MCA101
2025-11-11 12:49:59,273 - INFO - Teacher login successful - Course: Introduction To Programming
2025-11-11 12:51:28,709 - INFO - Teacher login attempt - Batchcode: MCA101
2025-11-11 12:51:28,713 - INFO - Teacher login successful - Course: Introduction To Programming
2025-11-11 12:51:35,095 - INFO - Creating session - Duration: 30min, Grace: 5min, Start: 2025-11-11 12:51:35, Scheduled end: 2025-11-11 13:26:35
2025-11-11 12:51:35,099 - INFO - Session started - ID: 108, Course: 1, Duration: 30min (+5min grace)
2025-11-11 12:52:17,318 - INFO - Session manually ended - ID: 108
2025-11-11 12:52:29,209 - INFO - Teacher login attempt - Batchcode: MCA101
2025-11-11 12:52:29,210 - INFO - Teacher login successful - Course: Introduction To Programming
2025-11-11 12:52:31,818 - INFO - Creating session - Duration: 30min, Grace: 5min, Start: 2025-11-11 12:52:31, Scheduled end: 2025-11-11 13:27:31
2025-11-11 12:52:31,822 - INFO - Session started - ID: 109, Course: 1, Duration: 30min (+5min grace)
2025-11-11 12:52:43,037 - INFO - Attendance attempt - Roll ID: 1
2025-11-11 12:52:43,045 - INFO - Attendance marked - Roll ID 1, Session: 109, Student: 1
2025-11-11 12:52:58,690 - INFO - Attendance attempt - Roll ID: 1
2025-11-11 12:52:58,691 - INFO - Attendance duplicate - Roll ID 1 already marked in session 109
2025-11-11 12:53:08,214 - INFO - Attendance attempt - Roll ID: 3
2025-11-11 12:53:08,216 - WARNING - Attendance failed - Roll ID 3 not enrolled in course 1
2025-11-11 12:53:32,509 - INFO - Manual override attempt - Session: 109, Student: MCAX24R069, Reason: 'fiyfo'
2025-11-11 12:53:32,515 - INFO - Manual override SUCCESS - Student: Vishal Kumar (MCAX24R069), Session: 109, Course: 1, Reason: 'fiyfo'
2025-11-11 12:53:45,652 - INFO - Session manually ended - ID: 109
2025-11-11 13:10:12,501 - INFO - Teacher login attempt - Batchcode: MCA102
2025-11-11 13:10:12,504 - INFO - Teacher login successful - Course: Data Structures And Algorithms
2025-11-11 13:10:30,851 - INFO - Creating session - Duration: 30min, Grace: 5min, Start: 2025-11-11 13:10:30, Scheduled end: 2025-11-11 13:45:30
2025-11-11 13:10:30,856 - INFO - Session started - ID: 110, Course: 2, Duration: 30min (+5min grace)
2025-11-11 13:11:40,248 - INFO - Attendance attempt - Roll ID: 1
2025-11-11 13:11:40,253 - INFO - Attendance marked - Roll ID 1, Session: 110, Student: 1
2025-11-11 13:11:42,044 - INFO - Attendance attempt - Roll ID: 2
2025-11-11 13:11:42,053 - INFO - Attendance marked - Roll ID 2, Session: 110, Student: 2
2025-11-11 13:12:06,936 - INFO - Session manually ended - ID: 110
2025-11-11 21:12:33,051 - INFO - Server started - Auto-expire scheduler active
2025-11-11 21:13:12,835 - INFO - Teacher login attempt - Batchcode: MCA102
2025-11-11 21:13:12,838 - INFO - Teacher login successful - Course: Data Structures And Algorithms
2025-11-11 21:13:29,911 - INFO - Creating session - Duration: 30min, Grace: 5min, Start: 2025-11-11 21:13:29, Scheduled end: 2025-11-11 21:48:29
2025-11-11 21:13:29,916 - INFO - Session started - ID: 111, Course: 2, Duration: 30min (+5min grace)
2025-11-11 21:52:33,076 - WARNING - BACKUP Auto-close: Session 111, Course 2, End: 2025-11-11 21:48:29
2025-11-11 21:52:33,095 - INFO - Auto-closed 1 session(s)
2025-11-12 01:38:28,092 - INFO - Teacher login attempt - Batchcode: MCA102
2025-11-12 01:38:28,104 - INFO - Teacher login successful - Course: Data Structures And Algorithms
2025-11-12 01:40:01,691 - INFO - Creating session - Duration: 30min, Grace: 5min, Start: 2025-11-12 01:40:01, Scheduled end: 2025-11-12 02:15:01
2025-11-12 01:40:01,698 - INFO - Session started - ID: 112, Course: 2, Duration: 30min (+5min grace)
2025-11-12 01:40:08,021 - INFO - Session manually ended - ID: 112
2025-11-12 01:40:16,937 - INFO - Teacher login attempt - Batchcode: MCA102
2025-11-12 01:40:16,938 - INFO - Teacher login successful - Course: Data Structures And Algorithms
2025-11-12 01:42:03,856 - INFO - Creating session - Duration: 30min, Grace: 5min, Start: 2025-11-12 01:42:03, Scheduled end: 2025-11-12 02:17:03
2025-11-12 01:42:03,860 - INFO - Session started - ID: 113, Course: 2, Duration: 30min (+5min grace)
2025-11-12 01:42:15,639 - INFO - Attendance attempt - Roll ID: 1
2025-11-12 01:42:15,646 - INFO - Attendance marked - Roll ID 1, Session: 113, Student: 1
2025-11-12 01:42:23,521 - INFO - Attendance attempt - Roll ID: 1
2025-11-12 01:42:23,522 - INFO - Attendance duplicate - Roll ID 1 already marked in session 113
2025-11-12 01:42:29,664 - INFO - Attendance attempt - Roll ID: 1
2025-11-12 01:42:29,666 - INFO - Attendance duplicate - Roll ID 1 already marked in session 113
2025-11-12 01:42:37,036 - INFO - Attendance attempt - Roll ID: 1
2025-11-12 01:42:37,038 - INFO - Attendance duplicate - Roll ID 1 already marked in session 113
2025-11-12 01:43:46,919 - INFO - Attendance attempt - Roll ID: 1
2025-11-12 01:43:46,920 - INFO - Attendance duplicate - Roll ID 1 already marked in session 113
2025-11-12 01:43:51,698 - INFO - Attendance attempt - Roll ID: 1
2025-11-12 01:43:51,700 - INFO - Attendance duplicate - Roll ID 1 already marked in session 113
2025-11-12 01:43:56,238 - INFO - Attendance attempt - Roll ID: 1
2025-11-12 01:43:56,240 - INFO - Attendance duplicate - Roll ID 1 already marked in session 113
2025-11-12 01:44:12,287 - INFO - Attendance attempt - Roll ID: 1
2025-11-12 01:44:12,288 - INFO - Attendance duplicate - Roll ID 1 already marked in session 113
2025-11-12 01:44:21,841 - INFO - Attendance attempt - Roll ID: 1
2025-11-12 01:44:21,843 - INFO - Attendance duplicate - Roll ID 1 already marked in session 113
2025-11-12 01:44:28,392 - INFO - Attendance attempt - Roll ID: 1
2025-11-12 01:44:28,394 - INFO - Attendance duplicate - Roll ID 1 already marked in session 113
2025-11-12 01:44:32,855 - INFO - Attendance attempt - Roll ID: 2
2025-11-12 01:44:32,863 - INFO - Attendance marked - Roll ID 2, Session: 113, Student: 2
2025-11-12 01:44:39,006 - INFO - Attendance attempt - Roll ID: 3
2025-11-12 01:44:39,011 - INFO - Attendance marked - Roll ID 3, Session: 113, Student: 3
2025-11-12 01:44:54,670 - INFO - Attendance attempt - Roll ID: 1
2025-11-12 01:44:54,672 - INFO - Attendance duplicate - Roll ID 1 already marked in session 113
2025-11-12 01:45:00,034 - INFO - Attendance attempt - Roll ID: 2
2025-11-12 01:45:00,035 - INFO - Attendance duplicate - Roll ID 2 already marked in session 113
2025-11-12 01:45:05,769 - INFO - Attendance attempt - Roll ID: 3
2025-11-12 01:45:05,771 - INFO - Attendance duplicate - Roll ID 3 already marked in session 113
2025-11-12 01:47:23,241 - INFO - Attendance attempt - Roll ID: 2
2025-11-12 01:47:23,243 - INFO - Attendance duplicate - Roll ID 2 already marked in session 113
2025-11-12 01:47:31,200 - INFO - Session manually ended - ID: 113
2025-11-12 10:26:55,241 - INFO - Server started - Auto-expire scheduler active
2025-11-12 11:01:53,480 - INFO - Teacher login attempt - Batchcode: MCA102
2025-11-12 11:01:53,488 - INFO - Teacher login successful - Course: Data Structures And Algorithms
2025-11-12 11:09:25,647 - INFO - Teacher login attempt - Batchcode: MCA102
2025-11-12 11:09:25,652 - INFO - Teacher login successful - Course: Data Structures And Algorithms
2025-11-12 11:09:52,331 - INFO - Creating session - Duration: 30min, Grace: 5min, Start: 2025-11-12 11:09:52, Scheduled end: 2025-11-12 11:44:52
2025-11-12 11:09:52,343 - INFO - Session started - ID: 114, Course: 2, Duration: 30min (+5min grace)
2025-11-12 11:12:06,454 - INFO - Attendance attempt - Roll ID: 1
2025-11-12 11:12:06,468 - INFO - Attendance marked - Roll ID 1, Session: 114, Student: 1
2025-11-12 11:12:30,531 - INFO - Attendance attempt - Roll ID: 2
2025-11-12 11:12:30,543 - INFO - Attendance marked - Roll ID 2, Session: 114, Student: 2
2025-11-12 11:15:03,194 - INFO - Session manually ended - ID: 114
2025-11-12 11:24:39,266 - INFO - Student created - Roll: MCAX24R043
2025-11-12 11:41:38,714 - INFO - Teacher login attempt - Batchcode: MCA101
2025-11-12 11:41:38,716 - INFO - Teacher login successful - Course: Introduction To Programming
2025-11-12 11:42:24,904 - INFO - Creating session - Duration: 30min, Grace: 5min, Start: 2025-11-12 11:42:24, Scheduled end: 2025-11-12 12:17:24
2025-11-12 11:42:24,911 - INFO - Session started - ID: 115, Course: 1, Duration: 30min (+5min grace)
2025-11-12 11:43:02,771 - INFO - Attendance attempt - Roll ID: 1
2025-11-12 11:43:02,778 - INFO - Attendance marked - Roll ID 1, Session: 115, Student: 1
2025-11-12 11:43:35,074 - INFO - Session manually ended - ID: 115
2025-11-12 11:47:14,647 - INFO - Teacher login attempt - Batchcode: MCA101
2025-11-12 11:47:14,648 - INFO - Teacher login successful - Course: Introduction To Programming
2025-11-12 11:47:17,327 - INFO - Creating session - Duration: 30min, Grace: 5min, Start: 2025-11-12 11:47:17, Scheduled end: 2025-11-12 12:22:17
2025-11-12 11:47:17,333 - INFO - Session started - ID: 116, Course: 1, Duration: 30min (+5min grace)
2025-11-12 11:47:22,751 - INFO - Attendance attempt - Roll ID: 1
2025-11-12 11:47:22,759 - INFO - Attendance marked - Roll ID 1, Session: 116, Student: 1
2025-11-12 11:47:38,023 - INFO - Attendance attempt - Roll ID: 2
2025-11-12 11:47:38,038 - INFO - Attendance marked - Roll ID 2, Session: 116, Student: 2
2025-11-12 11:48:02,997 - INFO - Attendance attempt - Roll ID: 2
2025-11-12 11:48:02,999 - INFO - Attendance duplicate - Roll ID 2 already marked in session 116
2025-11-12 11:48:11,919 - INFO - Attendance attempt - Roll ID: 3
2025-11-12 11:48:11,921 - WARNING - Attendance failed - Roll ID 3 not enrolled in course 1
2025-11-12 11:50:41,659 - INFO - Session manually ended - ID: 116
2025-11-12 12:28:55,315 - INFO - Teacher login attempt - Batchcode: MCA101
2025-11-12 12:28:55,324 - INFO - Teacher login successful - Course: Introduction To Programming
2025-11-12 12:29:23,881 - INFO - Creating session - Duration: 30min, Grace: 5min, Start: 2025-11-12 12:29:23, Scheduled end: 2025-11-12 13:04:23
2025-11-12 12:29:23,892 - INFO - Session started - ID: 117, Course: 1, Duration: 30min (+5min grace)
2025-11-12 12:30:44,667 - INFO - Attendance attempt - Roll ID: 1
2025-11-12 12:30:44,684 - INFO - Attendance marked - Roll ID 1, Session: 117, Student: 1
2025-11-12 12:30:54,890 - INFO - Attendance attempt - Roll ID: 2
2025-11-12 12:30:54,903 - INFO - Attendance marked - Roll ID 2, Session: 117, Student: 2
2025-11-12 12:31:02,654 - INFO - Attendance attempt - Roll ID: 1
2025-11-12 12:31:02,657 - INFO - Attendance duplicate - Roll ID 1 already marked in session 117
2025-11-12 12:31:12,316 - INFO - Attendance attempt - Roll ID: 3
2025-11-12 12:31:12,326 - WARNING - Attendance failed - Roll ID 3 not enrolled in course 1
2025-11-12 12:31:42,831 - INFO - Manual override attempt - Session: 117, Student: MCAX24R043, Reason: 'guo'
2025-11-12 12:31:42,847 - INFO - Manual override SUCCESS - Student: Aditya (MCAX24R043), Session: 117, Course: 1, Reason: 'guo'
2025-11-12 12:31:51,739 - INFO - Session manually ended - ID: 117
2025-11-12 12:44:42,630 - INFO - Teacher created - Name: MR. Bikram Pratap Singh
2025-11-12 12:46:05,510 - INFO - Student created - Roll: MCAX24R020
2025-11-12 12:47:35,475 - INFO - Student created - Roll: MCAX24R017
2025-11-12 12:48:38,657 - INFO - Course created - Name: Cybersecurity, Batchcode: MCA103
2025-11-12 13:05:57,243 - INFO - Teacher login attempt - Batchcode: MCA101
2025-11-12 13:05:57,245 - INFO - Teacher login successful - Course: Introduction To Programming
2025-11-12 13:05:59,820 - INFO - Creating session - Duration: 30min, Grace: 5min, Start: 2025-11-12 13:05:59, Scheduled end: 2025-11-12 13:40:59
2025-11-12 13:05:59,827 - INFO - Session started - ID: 118, Course: 1, Duration: 30min (+5min grace)
2025-11-12 13:06:04,098 - INFO - Session manually ended - ID: 118
2025-11-12 13:17:26,657 - INFO - Teacher login attempt - Batchcode: MCA101
2025-11-12 13:17:26,660 - INFO - Teacher login successful - Course: Introduction To Programming
2025-11-12 13:17:48,212 - INFO - Creating session - Duration: 30min, Grace: 5min, Start: 2025-11-12 13:17:48, Scheduled end: 2025-11-12 13:52:48
2025-11-12 13:17:48,223 - INFO - Session started - ID: 119, Course: 1, Duration: 30min (+5min grace)
2025-11-12 13:19:23,825 - INFO - Attendance attempt - Roll ID: 1
2025-11-12 13:19:23,836 - INFO - Attendance marked - Roll ID 1, Session: 119, Student: 1
2025-11-12 13:19:42,345 - INFO - Attendance attempt - Roll ID: 1
2025-11-12 13:19:42,348 - INFO - Attendance duplicate - Roll ID 1 already marked in session 119
2025-11-12 13:19:49,218 - INFO - Attendance attempt - Roll ID: 1
2025-11-12 13:19:49,221 - INFO - Attendance duplicate - Roll ID 1 already marked in session 119
2025-11-12 13:20:10,568 - INFO - Attendance attempt - Roll ID: 3
2025-11-12 13:20:10,570 - WARNING - Attendance failed - Roll ID 3 not enrolled in course 1
2025-11-12 13:20:57,512 - INFO - Attendance attempt - Roll ID: 2
2025-11-12 13:20:57,524 - INFO - Attendance marked - Roll ID 2, Session: 119, Student: 2
2025-11-12 13:21:56,809 - INFO - Manual override attempt - Session: 119, Student: MCAX24R043, Reason: 'jghf'
2025-11-12 13:21:56,824 - INFO - Manual override SUCCESS - Student: Aditya (MCAX24R043), Session: 119, Course: 1, Reason: 'jghf'
2025-11-12 13:22:01,781 - INFO - Session manually ended - ID: 119
2025-11-12 13:25:06,631 - INFO - Teacher login attempt - Batchcode: MCA101
2025-11-12 13:25:06,634 - INFO - Teacher login successful - Course: Introduction To Programming
2025-11-12 13:25:18,936 - INFO - Creating session - Duration: 30min, Grace: 5min, Start: 2025-11-12 13:25:18, Scheduled end: 2025-11-12 14:00:18
2025-11-12 13:25:18,945 - INFO - Session started - ID: 120, Course: 1, Duration: 30min (+5min grace)
2025-11-12 13:25:54,266 - INFO - Attendance attempt - Roll ID: 1
2025-11-12 13:25:54,277 - INFO - Attendance marked - Roll ID 1, Session: 120, Student: 1
2025-11-12 13:26:42,196 - INFO - Manual override attempt - Session: 120, Student: MCAX24R043, Reason: 'ytiy'
2025-11-12 13:26:42,209 - INFO - Manual override SUCCESS - Student: Aditya (MCAX24R043), Session: 120, Course: 1, Reason: 'ytiy'
2025-11-12 13:27:37,001 - INFO - Attendance attempt - Roll ID: 2
2025-11-12 13:27:37,013 - INFO - Attendance marked - Roll ID 2, Session: 120, Student: 2
2025-11-12 13:29:17,658 - INFO - Attendance attempt - Roll ID: 1
2025-11-12 13:29:17,661 - INFO - Attendance duplicate - Roll ID 1 already marked in session 120
2025-11-12 13:29:29,250 - INFO - Attendance attempt - Roll ID: 3
2025-11-12 13:29:29,253 - WARNING - Attendance failed - Roll ID 3 not enrolled in course 1
2025-11-12 13:36:41,840 - INFO - Attendance attempt - Roll ID: 20
2025-11-12 13:36:41,842 - WARNING - Attendance failed - Roll ID 20 not enrolled in course 1
2025-11-12 13:37:27,578 - INFO - Teacher login attempt - Batchcode: MCA101
2025-11-12 13:37:27,578 - INFO - Teacher login successful - Course: Introduction To Programming
2025-11-12 13:37:29,818 - INFO - Creating session - Duration: 30min, Grace: 5min, Start: 2025-11-12 13:37:29, Scheduled end: 2025-11-12 14:12:29
2025-11-12 13:37:29,822 - INFO - Session started - ID: 121, Course: 1, Duration: 30min (+5min grace)
2025-11-12 13:37:33,064 - INFO - Session manually ended - ID: 121
2025-11-12 15:31:45,706 - INFO - Teacher login attempt - Batchcode: MCA101
2025-11-12 15:31:45,721 - INFO - Teacher login successful - Course: Introduction To Programming
2025-11-12 15:32:17,166 - INFO - Creating session - Duration: 30min, Grace: 5min, Start: 2025-11-12 15:32:17, Scheduled end: 2025-11-12 16:07:17
2025-11-12 15:32:17,178 - INFO - Session started - ID: 122, Course: 1, Duration: 30min (+5min grace)
2025-11-12 15:32:29,917 - INFO - Attendance attempt - Roll ID: 1
2025-11-12 15:32:29,930 - INFO - Attendance marked - Roll ID 1, Session: 122, Student: 1
2025-11-12 15:33:20,375 - INFO - Attendance attempt - Roll ID: 2
2025-11-12 15:33:20,383 - INFO - Attendance marked - Roll ID 2, Session: 122, Student: 2
2025-11-12 15:33:42,626 - INFO - Attendance attempt - Roll ID: 1
2025-11-12 15:33:42,629 - INFO - Attendance duplicate - Roll ID 1 already marked in session 122
2025-11-12 15:33:53,995 - INFO - Attendance attempt - Roll ID: 3
2025-11-12 15:33:53,998 - WARNING - Attendance failed - Roll ID 3 not enrolled in course 1
2025-11-12 15:34:16,488 - INFO - Manual override attempt - Session: 122, Student: MCAX24R043, Reason: 'ghjmgmj'
2025-11-12 15:34:16,499 - INFO - Manual override SUCCESS - Student: Aditya (MCAX24R043), Session: 122, Course: 1, Reason: 'ghjmgmj'
2025-11-12 15:34:35,128 - INFO - Session manually ended - ID: 122
2025-11-14 12:49:15,653 - INFO - Server started - Auto-expire scheduler active
2025-11-14 12:59:55,262 - INFO - Teacher login attempt - Batchcode: MCA101
2025-11-14 12:59:55,267 - INFO - Teacher login successful - Course: Introduction To Programming
2025-11-14 13:00:10,394 - INFO - Creating session - Duration: 30min, Grace: 5min, Start: 2025-11-14 13:00:10, Scheduled end: 2025-11-14 13:35:10
2025-11-14 13:00:10,405 - INFO - Session started - ID: 123, Course: 1, Duration: 30min (+5min grace)
2025-11-14 13:00:43,180 - INFO - Attendance attempt - Roll ID: 1
2025-11-14 13:00:43,194 - INFO - Attendance marked - Roll ID 1, Session: 123, Student: 1
2025-11-14 13:01:05,663 - INFO - Attendance attempt - Roll ID: 1
2025-11-14 13:01:05,666 - INFO - Attendance duplicate - Roll ID 1 already marked in session 123
2025-11-14 13:01:11,904 - INFO - Attendance attempt - Roll ID: 2
2025-11-14 13:01:11,917 - INFO - Attendance marked - Roll ID 2, Session: 123, Student: 2
2025-11-14 13:01:31,877 - INFO - Attendance attempt - Roll ID: 3
2025-11-14 13:01:31,879 - WARNING - Attendance failed - Roll ID 3 not enrolled in course 1
2025-11-14 13:02:06,119 - INFO - Session manually ended - ID: 123
2025-11-14 13:03:48,678 - INFO - Teacher login attempt - Batchcode: MCA102
2025-11-14 13:03:48,683 - INFO - Teacher login successful - Course: Data Structures And Algorithms
2025-11-14 13:03:51,852 - INFO - Creating session - Duration: 30min, Grace: 5min, Start: 2025-11-14 13:03:51, Scheduled end: 2025-11-14 13:38:51
2025-11-14 13:03:51,863 - INFO - Session started - ID: 124, Course: 2, Duration: 30min (+5min grace)
2025-11-14 13:04:45,681 - INFO - Attendance attempt - Roll ID: 1
2025-11-14 13:04:45,693 - INFO - Attendance marked - Roll ID 1, Session: 124, Student: 1
2025-11-14 13:04:47,309 - INFO - Attendance attempt - Roll ID: 2
2025-11-14 13:04:47,326 - INFO - Attendance marked - Roll ID 2, Session: 124, Student: 2
2025-11-14 13:13:14,966 - INFO - Session manually ended - ID: 124
2025-11-14 13:15:24,632 - INFO - Teacher created - Name: adjhadjf
2025-11-15 19:38:37,248 - INFO - Server started - Auto-expire scheduler active
2025-11-15 19:38:55,306 - INFO - Teacher login attempt - Batchcode: MCA101
2025-11-15 19:38:55,307 - INFO - Teacher login successful - Course: Introduction To Programming
2025-11-15 19:38:58,923 - INFO - Creating session - Duration: 30min, Grace: 5min, Start: 2025-11-15 19:38:58, Scheduled end: 2025-11-15 20:13:58
2025-11-15 19:38:58,927 - INFO - Session started - ID: 125, Course: 1, Duration: 30min (+5min grace)
2025-11-15 19:39:32,619 - INFO - Attendance attempt - Roll ID: 1
2025-11-15 19:39:32,626 - INFO - Attendance marked - Roll ID 1, Session: 125, Student: 1
2025-11-15 19:39:46,287 - INFO - Attendance attempt - Roll ID: 2
2025-11-15 19:39:46,293 - INFO - Attendance marked - Roll ID 2, Session: 125, Student: 2
2025-11-15 19:40:03,038 - INFO - Session manually ended - ID: 125
2025-11-15 19:56:33,179 - INFO - Teacher login attempt - Batchcode: MCA101
2025-11-15 19:56:33,187 - INFO - Teacher login successful - Course: Introduction To Programming
2025-11-15 19:56:36,649 - INFO - Creating session - Duration: 30min, Grace: 5min, Start: 2025-11-15 19:56:36, Scheduled end: 2025-11-15 20:31:36
2025-11-15 19:56:36,654 - INFO - Session started - ID: 126, Course: 1, Duration: 30min (+5min grace)
2025-11-15 19:56:50,519 - INFO - Attendance attempt - Roll ID: 1
2025-11-15 19:56:50,526 - INFO - Attendance marked - Roll ID 1, Session: 126, Student: 1
2025-11-15 19:56:59,798 - INFO - Attendance attempt - Roll ID: 2
2025-11-15 19:56:59,805 - INFO - Attendance marked - Roll ID 2, Session: 126, Student: 2
2025-11-15 19:57:49,861 - INFO - Attendance attempt - Roll ID: 1
2025-11-15 19:57:49,862 - INFO - Attendance duplicate - Roll ID 1 already marked in session 126
2025-11-15 19:58:01,496 - INFO - Attendance attempt - Roll ID: 1
2025-11-15 19:58:01,497 - INFO - Attendance duplicate - Roll ID 1 already marked in session 126
2025-11-15 20:02:39,807 - INFO - Attendance attempt - Roll ID: 1
2025-11-15 20:02:39,809 - INFO - Attendance duplicate - Roll ID 1 already marked in session 126
2025-11-15 20:02:46,483 - INFO - Attendance attempt - Roll ID: 1
2025-11-15 20:02:46,486 - INFO - Attendance duplicate - Roll ID 1 already marked in session 126
2025-11-15 20:11:11,977 - INFO - Attendance attempt - Roll ID: 1
2025-11-15 20:11:11,980 - INFO - Attendance duplicate - Roll ID 1 already marked in session 126
2025-11-15 20:11:18,428 - INFO - Attendance attempt - Roll ID: 1
2025-11-15 20:11:18,430 - INFO - Attendance duplicate - Roll ID 1 already marked in session 126
2025-11-15 20:11:31,180 - INFO - Session manually ended - ID: 126
2025-11-15 20:11:39,627 - INFO - Teacher login attempt - Batchcode: MCA101
2025-11-15 20:11:39,629 - INFO - Teacher login successful - Course: Introduction To Programming
2025-11-15 20:11:42,289 - INFO - Creating session - Duration: 30min, Grace: 5min, Start: 2025-11-15 20:11:42, Scheduled end: 2025-11-15 20:46:42
2025-11-15 20:11:42,294 - INFO - Session started - ID: 127, Course: 1, Duration: 30min (+5min grace)
2025-11-15 20:11:49,456 - INFO - Attendance attempt - Roll ID: 1
2025-11-15 20:11:49,463 - INFO - Attendance marked - Roll ID 1, Session: 127, Student: 1
2025-11-15 20:11:55,649 - INFO - Attendance attempt - Roll ID: 2
2025-11-15 20:11:55,655 - INFO - Attendance marked - Roll ID 2, Session: 127, Student: 2
2025-11-15 20:16:53,580 - INFO - Session manually ended - ID: 127
2025-11-15 20:19:53,204 - INFO - Teacher login attempt - Batchcode: MCA101
2025-11-15 20:19:53,208 - INFO - Teacher login successful - Course: Introduction To Programming
2025-11-15 20:19:57,608 - INFO - Creating session - Duration: 30min, Grace: 5min, Start: 2025-11-15 20:19:57, Scheduled end: 2025-11-15 20:54:57
2025-11-15 20:19:57,614 - INFO - Session started - ID: 128, Course: 1, Duration: 30min (+5min grace)
2025-11-15 20:20:13,581 - INFO - Attendance attempt - Roll ID: 1
2025-11-15 20:20:13,589 - INFO - Attendance marked - Roll ID 1, Session: 128, Student: 1
2025-11-15 20:20:22,485 - INFO - Attendance attempt - Roll ID: 2
2025-11-15 20:20:22,493 - INFO - Attendance marked - Roll ID 2, Session: 128, Student: 2
2025-11-15 20:20:38,773 - INFO - Attendance attempt - Roll ID: 1
2025-11-15 20:20:38,775 - INFO - Attendance duplicate - Roll ID 1 already marked in session 128
2025-11-15 20:20:44,917 - INFO - Attendance attempt - Roll ID: 2
2025-11-15 20:20:44,919 - INFO - Attendance duplicate - Roll ID 2 already marked in session 128
2025-11-15 20:21:13,202 - INFO - Session manually ended - ID: 128
2025-11-15 20:21:31,575 - INFO - Teacher login attempt - Batchcode: MCA101
2025-11-15 20:21:31,578 - INFO - Teacher login successful - Course: Introduction To Programming
2025-11-15 20:21:35,408 - INFO - Creating session - Duration: 30min, Grace: 5min, Start: 2025-11-15 20:21:35, Scheduled end: 2025-11-15 20:56:35
2025-11-15 20:21:35,415 - INFO - Session started - ID: 129, Course: 1, Duration: 30min (+5min grace)
2025-11-15 20:22:35,401 - INFO - Attendance attempt - Roll ID: 1
2025-11-15 20:22:35,410 - INFO - Attendance marked - Roll ID 1, Session: 129, Student: 1
2025-11-15 20:22:47,184 - INFO - Attendance attempt - Roll ID: 2
2025-11-15 20:22:47,191 - INFO - Attendance marked - Roll ID 2, Session: 129, Student: 2
2025-11-15 20:23:47,811 - INFO - Session manually ended - ID: 129
2025-11-28 23:18:18,926 - INFO - Server started - Auto-expire scheduler active
2025-11-29 00:29:26,042 - INFO - Teacher login attempt - Batchcode: MCA101
2025-11-29 00:29:26,052 - INFO - Teacher login successful - Course: Introduction To Programming
2025-11-29 00:29:44,616 - INFO - Teacher login attempt - Batchcode: MCA101
2025-11-29 00:29:44,617 - INFO - Teacher login successful - Course: Introduction To Programming
2025-11-29 00:31:05,920 - INFO - Teacher login attempt - Batchcode: MCA101
2025-11-29 00:31:05,925 - WARNING - Login failed - Invalid PIN for batchcode: MCA101
2025-11-29 00:31:11,460 - INFO - Teacher login attempt - Batchcode: MCA101
2025-11-29 00:31:11,462 - INFO - Teacher login successful - Course: Introduction To Programming
2025-11-29 00:31:27,515 - INFO - Creating session - Duration: 30min, Grace: 5min, Start: 2025-11-29 00:31:27, Scheduled end: 2025-11-29 01:06:27
2025-11-29 00:31:27,522 - INFO - Session started - ID: 130, Course: 1, Duration: 30min (+5min grace)
2025-11-29 00:31:39,837 - INFO - Session manually ended - ID: 130
2025-12-02 13:48:56,173 - INFO - Server started - Auto-expire scheduler active
2025-12-02 13:51:28,106 - INFO - Teacher login attempt - Batchcode: MCA101
2025-12-02 13:51:28,115 - INFO - Teacher login successful - Course: Introduction To Programming
2025-12-02 13:51:42,934 - INFO - Creating session - Duration: 30min, Grace: 5min, Start: 2025-12-02 13:51:42, Scheduled end: 2025-12-02 14:26:42
2025-12-02 13:51:42,945 - INFO - Session started - ID: 131, Course: 1, Duration: 30min (+5min grace)
2025-12-02 13:52:57,547 - INFO - Attendance attempt - Roll ID: 1
2025-12-02 13:52:57,558 - INFO - Attendance marked - Roll ID 1, Session: 131, Student: 1
2025-12-02 13:54:04,004 - INFO - Attendance attempt - Roll ID: 3
2025-12-02 13:54:04,006 - WARNING - Attendance failed - Roll ID 3 not enrolled in course 1
2025-12-02 13:54:09,503 - INFO - Attendance attempt - Roll ID: 2
2025-12-02 13:54:09,513 - INFO - Attendance marked - Roll ID 2, Session: 131, Student: 2
2025-12-02 13:54:36,291 - INFO - Manual override attempt - Session: 131, Student: MCAX24R043, Reason: 'ejj'
2025-12-02 13:54:36,301 - INFO - Manual override SUCCESS - Student: Aditya (MCAX24R043), Session: 131, Course: 1, Reason: 'ejj'
2025-12-02 13:54:58,023 - INFO - Session manually ended - ID: 131
2025-12-13 19:41:49,225 - INFO - Server started - Auto-expire scheduler active
2025-12-13 19:42:21,634 - INFO - Teacher login attempt - Batchcode: MCA101
2025-12-13 19:42:21,639 - INFO - Teacher login successful - Course: Introduction To Programming
2025-12-13 19:42:44,671 - INFO - Creating session - Duration: 30min, Grace: 5min, Start: 2025-12-13 19:42:44, Scheduled end: 2025-12-13 20:17:44
2025-12-13 19:42:44,684 - INFO - Session started - ID: 132, Course: 1, Duration: 30min (+5min grace)
2025-12-13 19:43:10,576 - INFO - Attendance attempt - Roll ID: 1
2025-12-13 19:43:10,587 - INFO - Attendance marked - Roll ID 1, Session: 132, Student: 1
2025-12-13 19:43:41,809 - INFO - Attendance attempt - Roll ID: 2
2025-12-13 19:43:41,821 - INFO - Attendance marked - Roll ID 2, Session: 132, Student: 2
2025-12-13 19:44:29,024 - INFO - Attendance attempt - Roll ID: 1
2025-12-13 19:44:29,027 - INFO - Attendance duplicate - Roll ID 1 already marked in session 132
2025-12-13 19:44:37,410 - INFO - Attendance attempt - Roll ID: 1
2025-12-13 19:44:37,413 - INFO - Attendance duplicate - Roll ID 1 already marked in session 132
2025-12-13 19:44:44,227 - INFO - Attendance attempt - Roll ID: 2
2025-12-13 19:44:44,230 - INFO - Attendance duplicate - Roll ID 2 already marked in session 132
2025-12-13 19:45:03,431 - INFO - Attendance attempt - Roll ID: 3
2025-12-13 19:45:03,434 - WARNING - Attendance failed - Roll ID 3 not enrolled in course 1
2025-12-13 19:45:52,737 - INFO - Manual override attempt - Session: 132, Student: MCAX24R043, Reason: 'fsg'
2025-12-13 19:45:52,751 - INFO - Manual override SUCCESS - Student: Aditya (MCAX24R043), Session: 132, Course: 1, Reason: 'fsg'
2025-12-13 19:46:06,168 - INFO - Session manually ended - ID: 132
2025-12-13 19:47:54,328 - INFO - Teacher login attempt - Batchcode: MCA101
2025-12-13 19:47:54,334 - INFO - Teacher login successful - Course: Introduction To Programming
2025-12-13 19:48:15,593 - INFO - Creating session - Duration: 30min, Grace: 5min, Start: 2025-12-13 19:48:15, Scheduled end: 2025-12-13 20:23:15
2025-12-13 19:48:15,603 - INFO - Session started - ID: 133, Course: 1, Duration: 30min (+5min grace)
2025-12-13 19:49:49,135 - INFO - Attendance attempt - Roll ID: 1
2025-12-13 19:49:49,147 - INFO - Attendance marked - Roll ID 1, Session: 133, Student: 1
2025-12-13 19:50:01,117 - INFO - Attendance attempt - Roll ID: 2
2025-12-13 19:50:01,130 - INFO - Attendance marked - Roll ID 2, Session: 133, Student: 2
2025-12-13 19:51:08,383 - INFO - Manual override attempt - Session: 133, Student: MCAX24R043, Reason: 'dru'
2025-12-13 19:51:08,396 - INFO - Manual override SUCCESS - Student: Aditya (MCAX24R043), Session: 133, Course: 1, Reason: 'dru'
2025-12-13 19:51:13,014 - INFO - Session manually ended - ID: 133
2025-12-13 19:58:25,476 - INFO - Teacher login attempt - Batchcode: MCA101
2025-12-13 19:58:25,480 - WARNING - Login failed - Invalid PIN for batchcode: MCA101
2025-12-13 19:58:30,697 - INFO - Teacher login attempt - Batchcode: MCA101
2025-12-13 19:58:30,700 - INFO - Teacher login successful - Course: Introduction To Programming
2025-12-21 22:32:39,399 - INFO - Server started - Auto-expire scheduler active
2025-12-21 22:38:19,333 - INFO - Teacher login attempt - Batchcode: MCA101
2025-12-21 22:38:19,335 - INFO - Teacher login successful - Course: Introduction To Programming
2025-12-22 15:40:22,332 - INFO - Server started - Auto-expire scheduler active
2025-12-22 15:44:13,448 - INFO - Teacher login attempt - Batchcode: MCA101
2025-12-22 15:44:13,453 - INFO - Teacher login successful - Course: Introduction To Programming
2025-12-22 15:44:26,482 - INFO - Creating session - Duration: 30min, Grace: 5min, Start: 2025-12-22 15:44:26, Scheduled end: 2025-12-22 16:19:26
2025-12-22 15:44:26,493 - INFO - Session started - ID: 134, Course: 1, Duration: 30min (+5min grace)
2025-12-22 15:44:47,059 - INFO - Attendance attempt - Roll ID: 1
2025-12-22 15:44:47,070 - INFO - Attendance marked - Roll ID 1, Session: 134, Student: 1
2025-12-22 15:45:07,948 - INFO - Attendance attempt - Roll ID: 2
2025-12-22 15:45:07,959 - INFO - Attendance marked - Roll ID 2, Session: 134, Student: 2
2025-12-22 15:45:33,039 - INFO - Attendance attempt - Roll ID: 81
2025-12-22 15:45:33,041 - WARNING - Attendance failed - Roll ID 81 not enrolled in course 1
2025-12-22 15:46:00,737 - INFO - Attendance attempt - Roll ID: 1
2025-12-22 15:46:00,740 - INFO - Attendance duplicate - Roll ID 1 already marked in session 134
2025-12-22 15:46:46,979 - INFO - Manual override attempt - Session: 134, Student: MCAX24R043, Reason: 'jhhhj'
2025-12-22 15:46:46,990 - INFO - Manual override SUCCESS - Student: Aditya (MCAX24R043), Session: 134, Course: 1, Reason: 'jhhhj'
2025-12-22 15:46:57,377 - INFO - Session manually ended - ID: 134
2025-12-22 15:56:07,913 - INFO - Teacher login attempt - Batchcode: MCA101
2025-12-22 15:56:07,917 - INFO - Teacher login successful - Course: Introduction To Programming
2025-12-22 15:56:12,907 - INFO - Creating session - Duration: 30min, Grace: 5min, Start: 2025-12-22 15:56:12, Scheduled end: 2025-12-22 16:31:12
2025-12-22 15:56:12,916 - INFO - Session started - ID: 135, Course: 1, Duration: 30min (+5min grace)
2025-12-22 15:56:54,409 - INFO - Attendance attempt - Roll ID: 1
2025-12-22 15:56:54,421 - INFO - Attendance marked - Roll ID 1, Session: 135, Student: 1
2025-12-22 15:57:06,106 - INFO - Attendance attempt - Roll ID: 2
2025-12-22 15:57:06,117 - INFO - Attendance marked - Roll ID 2, Session: 135, Student: 2
2025-12-22 15:57:28,252 - INFO - Session manually ended - ID: 135
